# JRE version: Java(TM) SE Runtime Environment (8.0_65-b17) (build 1.8.0_65-b17)
# Java VM: Java HotSpot(TM) 64-Bit Server VM (25.65-b01 mixed mode windows-amd64 compressed oops)
Heap:
 PSYoungGen      total 252416K, used 60479K [0x00000000eab00000, 0x00000000fcd80000, 0x0000000100000000)
  eden space 250368K, 24% used [0x00000000eab00000,0x00000000ee60fff8,0x00000000f9f80000)
  from space 2048K, 0% used [0x00000000fa600000,0x00000000fa600000,0x00000000fa800000)
  to   space 23552K, 0% used [0x00000000fb680000,0x00000000fb680000,0x00000000fcd80000)
 ParOldGen       total 117760K, used 44790K [0x00000000c0000000, 0x00000000c7300000, 0x00000000eab00000)
  object space 117760K, 38% used [0x00000000c0000000,0x00000000c2bbd910,0x00000000c7300000)
 Metaspace       used 61444K, capacity 63678K, committed 66816K, reserved 1107968K
  class space    used 8060K, capacity 8420K, committed 9216K, reserved 1048576K
GC Heap History (10 events):
Event: 951.741 GC heap before
{Heap before GC invocations=24 (full 5):
 PSYoungGen      total 251904K, used 67262K [0x00000000eab00000, 0x00000000fdb00000, 0x0000000100000000)
  eden space 228352K, 24% used [0x00000000eab00000,0x00000000ee138f78,0x00000000f8a00000)
  from space 23552K, 49% used [0x00000000fa080000,0x00000000fabf6b30,0x00000000fb780000)
  to   space 23040K, 0% used [0x00000000f8a00000,0x00000000f8a00000,0x00000000fa080000)
 ParOldGen       total 117760K, used 59811K [0x00000000c0000000, 0x00000000c7300000, 0x00000000eab00000)
  object space 117760K, 50% used [0x00000000c0000000,0x00000000c3a68ef8,0x00000000c7300000)
 Metaspace       used 62823K, capacity 65950K, committed 66176K, reserved 1105920K
  class space    used 8429K, capacity 9083K, committed 9088K, reserved 1048576K
Event: 952.027 GC heap after
Heap after GC invocations=24 (full 5):
 PSYoungGen      total 251392K, used 12201K [0x00000000eab00000, 0x00000000fda00000, 0x0000000100000000)
  eden space 228352K, 0% used [0x00000000eab00000,0x00000000eab00000,0x00000000f8a00000)
  from space 23040K, 52% used [0x00000000f8a00000,0x00000000f95ea648,0x00000000fa080000)
  to   space 22528K, 0% used [0x00000000fc400000,0x00000000fc400000,0x00000000fda00000)
 ParOldGen       total 117760K, used 59819K [0x00000000c0000000, 0x00000000c7300000, 0x00000000eab00000)
  object space 117760K, 50% used [0x00000000c0000000,0x00000000c3a6aef8,0x00000000c7300000)
 Metaspace       used 62823K, capacity 65950K, committed 66176K, reserved 1105920K
  class space    used 8429K, capacity 9083K, committed 9088K, reserved 1048576K
}
Event: 952.027 GC heap before
{Heap before GC invocations=25 (full 6):
 PSYoungGen      total 251392K, used 12201K [0x00000000eab00000, 0x00000000fda00000, 0x0000000100000000)
  eden space 228352K, 0% used [0x00000000eab00000,0x00000000eab00000,0x00000000f8a00000)
  from space 23040K, 52% used [0x00000000f8a00000,0x00000000f95ea648,0x00000000fa080000)
  to   space 22528K, 0% used [0x00000000fc400000,0x00000000fc400000,0x00000000fda00000)
 ParOldGen       total 117760K, used 59819K [0x00000000c0000000, 0x00000000c7300000, 0x00000000eab00000)
  object space 117760K, 50% used [0x00000000c0000000,0x00000000c3a6aef8,0x00000000c7300000)
 Metaspace       used 62823K, capacity 65950K, committed 66176K, reserved 1105920K
  class space    used 8429K, capacity 9083K, committed 9088K, reserved 1048576K
Event: 952.555 GC heap after
Heap after GC invocations=25 (full 6):
 PSYoungGen      total 251392K, used 0K [0x00000000eab00000, 0x00000000fda00000, 0x0000000100000000)
  eden space 228352K, 0% used [0x00000000eab00000,0x00000000eab00000,0x00000000f8a00000)
  from space 23040K, 0% used [0x00000000f8a00000,0x00000000f8a00000,0x00000000fa080000)
  to   space 22528K, 0% used [0x00000000fc400000,0x00000000fc400000,0x00000000fda00000)
 ParOldGen       total 117760K, used 66291K [0x00000000c0000000, 0x00000000c7300000, 0x00000000eab00000)
  object space 117760K, 56% used [0x00000000c0000000,0x00000000c40bce88,0x00000000c7300000)
 Metaspace       used 62823K, capacity 65950K, committed 66176K, reserved 1105920K
  class space    used 8429K, capacity 9083K, committed 9088K, reserved 1048576K
}
Event: 3297.223 GC heap before
{Heap before GC invocations=26 (full 6):
 PSYoungGen      total 251392K, used 228352K [0x00000000eab00000, 0x00000000fda00000, 0x0000000100000000)
  eden space 228352K, 100% used [0x00000000eab00000,0x00000000f8a00000,0x00000000f8a00000)
  from space 23040K, 0% used [0x00000000f8a00000,0x00000000f8a00000,0x00000000fa080000)
  to   space 22528K, 0% used [0x00000000fc400000,0x00000000fc400000,0x00000000fda00000)
 ParOldGen       total 117760K, used 66291K [0x00000000c0000000, 0x00000000c7300000, 0x00000000eab00000)
  object space 117760K, 56% used [0x00000000c0000000,0x00000000c40bce88,0x00000000c7300000)
 Metaspace       used 63052K, capacity 66452K, committed 66560K, reserved 1105920K
  class space    used 8454K, capacity 9153K, committed 9216K, reserved 1048576K
Event: 3301.239 GC heap after
Heap after GC invocations=26 (full 6):
 PSYoungGen      total 266752K, used 15957K [0x00000000eab00000, 0x00000000fd400000, 0x0000000100000000)
  eden space 250368K, 0% used [0x00000000eab00000,0x00000000eab00000,0x00000000f9f80000)
  from space 16384K, 97% used [0x00000000fc400000,0x00000000fd3954e0,0x00000000fd400000)
  to   space 23552K, 0% used [0x00000000fa600000,0x00000000fa600000,0x00000000fbd00000)
 ParOldGen       total 117760K, used 66299K [0x00000000c0000000, 0x00000000c7300000, 0x00000000eab00000)
  object space 117760K, 56% used [0x00000000c0000000,0x00000000c40bee88,0x00000000c7300000)
 Metaspace       used 63052K, capacity 66452K, committed 66560K, reserved 1105920K
  class space    used 8454K, capacity 9153K, committed 9216K, reserved 1048576K
}
Event: 3349.276 GC heap before
{Heap before GC invocations=27 (full 6):
 PSYoungGen      total 266752K, used 82447K [0x00000000eab00000, 0x00000000fd400000, 0x0000000100000000)
  eden space 250368K, 26% used [0x00000000eab00000,0x00000000eebeea80,0x00000000f9f80000)
  from space 16384K, 97% used [0x00000000fc400000,0x00000000fd3954e0,0x00000000fd400000)
  to   space 23552K, 0% used [0x00000000fa600000,0x00000000fa600000,0x00000000fbd00000)
 ParOldGen       total 117760K, used 66299K [0x00000000c0000000, 0x00000000c7300000, 0x00000000eab00000)
  object space 117760K, 56% used [0x00000000c0000000,0x00000000c40bee88,0x00000000c7300000)
 Metaspace       used 63234K, capacity 66622K, committed 66816K, reserved 1107968K
  class space    used 8459K, capacity 9160K, committed 9216K, reserved 1048576K
Event: 3349.554 GC heap after
Heap after GC invocations=27 (full 6):
 PSYoungGen      total 252416K, used 1632K [0x00000000eab00000, 0x00000000fcd80000, 0x0000000100000000)
  eden space 250368K, 0% used [0x00000000eab00000,0x00000000eab00000,0x00000000f9f80000)
  from space 2048K, 79% used [0x00000000fa600000,0x00000000fa798000,0x00000000fa800000)
  to   space 23552K, 0% used [0x00000000fb680000,0x00000000fb680000,0x00000000fcd80000)
 ParOldGen       total 117760K, used 66307K [0x00000000c0000000, 0x00000000c7300000, 0x00000000eab00000)
  object space 117760K, 56% used [0x00000000c0000000,0x00000000c40c0e88,0x00000000c7300000)
 Metaspace       used 63234K, capacity 66622K, committed 66816K, reserved 1107968K
  class space    used 8459K, capacity 9160K, committed 9216K, reserved 1048576K
}
Event: 3349.554 GC heap before
{Heap before GC invocations=28 (full 7):
 PSYoungGen      total 252416K, used 1632K [0x00000000eab00000, 0x00000000fcd80000, 0x0000000100000000)
  eden space 250368K, 0% used [0x00000000eab00000,0x00000000eab00000,0x00000000f9f80000)
  from space 2048K, 79% used [0x00000000fa600000,0x00000000fa798000,0x00000000fa800000)
  to   space 23552K, 0% used [0x00000000fb680000,0x00000000fb680000,0x00000000fcd80000)
 ParOldGen       total 117760K, used 66307K [0x00000000c0000000, 0x00000000c7300000, 0x00000000eab00000)
  object space 117760K, 56% used [0x00000000c0000000,0x00000000c40c0e88,0x00000000c7300000)
 Metaspace       used 63234K, capacity 66622K, committed 66816K, reserved 1107968K
  class space    used 8459K, capacity 9160K, committed 9216K, reserved 1048576K
Event: 3361.403 GC heap after
Heap after GC invocations=28 (full 7):
 PSYoungGen      total 252416K, used 0K [0x00000000eab00000, 0x00000000fcd80000, 0x0000000100000000)
  eden space 250368K, 0% used [0x00000000eab00000,0x00000000eab00000,0x00000000f9f80000)
  from space 2048K, 0% used [0x00000000fa600000,0x00000000fa600000,0x00000000fa800000)
  to   space 23552K, 0% used [0x00000000fb680000,0x00000000fb680000,0x00000000fcd80000)
 ParOldGen       total 117760K, used 44790K [0x00000000c0000000, 0x00000000c7300000, 0x00000000eab00000)
  object space 117760K, 38% used [0x00000000c0000000,0x00000000c2bbd910,0x00000000c7300000)
 Metaspace       used 61236K, capacity 63292K, committed 66816K, reserved 1107968K
  class space    used 8024K, capacity 8361K, committed 9216K, reserved 1048576K
}

